<?xml version="1.0" encoding="UTF-8"?>
<testsuite name="graph.scriptTestRunner.ScriptFileTests" tests="7" skipped="0" failures="0" errors="0" timestamp="2023-02-23T19:13:47" hostname="DESKTOP-949BJUA" time="0.04">
  <properties/>
  <testcase name="checkOutput[CreateEmptyNewGraph]" classname="graph.scriptTestRunner.ScriptFileTests" time="0.008"/>
  <testcase name="checkOutput[CreateNewGraphAddOneEdgebetweenTwoVertex]" classname="graph.scriptTestRunner.ScriptFileTests" time="0.012"/>
  <testcase name="checkOutput[CreateNewGraphAddOneVertex]" classname="graph.scriptTestRunner.ScriptFileTests" time="0.003"/>
  <testcase name="checkOutput[exampleTest1]" classname="graph.scriptTestRunner.ScriptFileTests" time="0.005"/>
  <testcase name="checkOutput[exampleTest2]" classname="graph.scriptTestRunner.ScriptFileTests" time="0.003"/>
  <testcase name="checkOutput[TestChildrenNode]" classname="graph.scriptTestRunner.ScriptFileTests" time="0.004"/>
  <testcase name="checkOutput[TestChildrenNodeWithOneVertex]" classname="graph.scriptTestRunner.ScriptFileTests" time="0.003"/>
  <system-out><![CDATA[]]></system-out>
  <system-err><![CDATA[]]></system-err>
</testsuite>
